fun2
Interference: 
%rsi
	 -> %r9
	 -> %rax
	 -> %rcx
	 -> %rdx
	 -> %rdi
	 -> %rbp
	 -> %r10
	 -> %r8
	 -> %r11
	 -> r0
%rdx
	 -> %rsi
	 -> r4
	 -> r6
	 -> %rax
	 -> r2
	 -> r5
	 -> %rdi
	 -> %rbp
	 -> r1
	 -> r3
	 -> r0
%rsp
%rcx
	 -> %rsi
	 -> r4
	 -> r6
	 -> %rax
	 -> r2
	 -> r5
	 -> %rdi
	 -> %rbp
	 -> r1
	 -> r3
	 -> r0
%rbp
	 -> r7
	 -> %rsi
	 -> %r9
	 -> r6
	 -> r2
	 -> %rax
	 -> %rcx
	 -> r1
	 -> %r11
	 -> r4
	 -> r5
	 -> %rdx
	 -> %rdi
	 -> %r10
	 -> %r8
	 -> r3
	 -> r0
%r10
	 -> %rsi
	 -> r4
	 -> r6
	 -> %rax
	 -> r2
	 -> r5
	 -> %rdi
	 -> %rbp
	 -> r1
	 -> r3
	 -> r0
%r11
	 -> %rsi
	 -> r4
	 -> r6
	 -> %rax
	 -> r2
	 -> r5
	 -> %rdi
	 -> %rbp
	 -> r1
	 -> r3
	 -> r0
%rax
	 -> %rsi
	 -> %r9
	 -> r6
	 -> r2
	 -> %rcx
	 -> %rbp
	 -> r1
	 -> %r11
	 -> r4
	 -> r5
	 -> %rdx
	 -> %rdi
	 -> %r10
	 -> %r8
	 -> r3
	 -> r0
r6
	 -> %r9
	 -> r2
	 -> %rax
	 -> %rcx
	 -> %rbp
	 -> r1
	 -> %r11
	 -> r4
	 -> r5
	 -> %rdx
	 -> %r10
	 -> %r8
	 -> r3
	 -> r0
r7
	 -> %rbp
r0
	 -> %rsi
	 -> %r9
	 -> r6
	 -> r2
	 -> %rax
	 -> %rcx
	 -> %rbp
	 -> r1
	 -> %r11
	 -> r4
	 -> r5
	 -> %rdx
	 -> %r10
	 -> %r8
	 -> r3
%r9
	 -> %rsi
	 -> r4
	 -> r6
	 -> %rax
	 -> r2
	 -> r5
	 -> %rdi
	 -> %rbp
	 -> r1
	 -> r3
	 -> r0
r1
	 -> %r9
	 -> r6
	 -> r2
	 -> %rax
	 -> %rcx
	 -> %rbp
	 -> %r11
	 -> r4
	 -> r5
	 -> %rdx
	 -> %rdi
	 -> %r10
	 -> %r8
	 -> r3
	 -> r0
%rdi
	 -> %r9
	 -> %rsi
	 -> %rax
	 -> %rcx
	 -> %rdx
	 -> %rbp
	 -> %r10
	 -> r1
	 -> %r8
	 -> %r11
r2
	 -> %r9
	 -> r6
	 -> %rax
	 -> %rcx
	 -> %rdx
	 -> %rbp
	 -> %r10
	 -> r1
	 -> %r8
	 -> %r11
	 -> r0
r3
	 -> %r9
	 -> r4
	 -> r6
	 -> %rax
	 -> %rcx
	 -> %rdx
	 -> %rbp
	 -> %r10
	 -> r1
	 -> %r8
	 -> %r11
	 -> r0
%r8
	 -> %rsi
	 -> r4
	 -> r6
	 -> %rax
	 -> r2
	 -> r5
	 -> %rdi
	 -> %rbp
	 -> r1
	 -> r3
	 -> r0
r4
	 -> %r9
	 -> r6
	 -> %rax
	 -> %rcx
	 -> %rdx
	 -> %rbp
	 -> %r10
	 -> r1
	 -> %r8
	 -> %r11
	 -> r3
	 -> r0
r5
	 -> %r9
	 -> r6
	 -> %rax
	 -> %rcx
	 -> %rdx
	 -> %rbp
	 -> %r10
	 -> r1
	 -> %r8
	 -> %r11
	 -> r0

{%rsi=%rsi, %rdx=%rdx, %rsp=%rsp, %rcx=%rcx, %r10=%r10, %rbp=%rbp, %r11=%r11, %rax=%rax, r6=%rbx, r7=%rsi, r0=%r13, %r9=%r9, r1=%r12, r2=%rsi, %rdi=%rdi, r3=%r15, %r8=%r8, r4=%rsi, r5=%rsi}
fun1
Interference: 
r19
	 -> %r9
	 -> r3
	 -> r21
	 -> r22
	 -> r1
	 -> %rdx
	 -> %rbp
	 -> %rax
	 -> %rcx
	 -> %rsp
	 -> %r11
	 -> r20
	 -> r23
	 -> %r10
	 -> %r8
r18
	 -> %rax
	 -> %rbp
	 -> %r9
	 -> %rcx
	 -> r3
	 -> %rsp
	 -> r17
	 -> %r11
	 -> r1
	 -> %r10
	 -> %r8
	 -> %rdx
r17
	 -> %rax
	 -> %rbp
	 -> r18
	 -> %r9
	 -> %rcx
	 -> r3
	 -> %rsp
	 -> %r11
	 -> r1
	 -> %r10
	 -> %r8
	 -> %rdx
r16
	 -> %rbp
%rdx
	 -> r11
	 -> r0
	 -> r2
	 -> r15
	 -> r3
	 -> r14
	 -> r21
	 -> r22
	 -> r1
	 -> %rbp
	 -> %rax
	 -> %rdi
	 -> r7
	 -> %rcx
	 -> %rsp
	 -> r6
	 -> r13
	 -> r20
	 -> r23
	 -> r18
	 -> r4
	 -> %r9
	 -> r17
	 -> r12
	 -> r10
	 -> r5
	 -> r9
	 -> %rsi
	 -> %r11
	 -> r19
	 -> %r10
	 -> %r8
	 -> r8
r15
	 -> %rax
	 -> %rbp
	 -> %r9
	 -> %rcx
	 -> r3
	 -> %rsp
	 -> r14
	 -> %r11
	 -> r1
	 -> %r10
	 -> %r8
	 -> %rdx
r14
	 -> %rbp
	 -> %rax
	 -> r15
	 -> %rcx
	 -> %r9
	 -> r3
	 -> %rsp
	 -> %r11
	 -> r1
	 -> %r10
	 -> %r8
	 -> %rdx
r13
	 -> %rbp
	 -> %rax
	 -> r2
	 -> %rcx
	 -> %r9
	 -> %rsp
	 -> r12
	 -> %r11
	 -> r1
	 -> %r10
	 -> %r8
	 -> %rdx
r12
	 -> r11
	 -> r2
	 -> %r9
	 -> r1
	 -> %rdx
	 -> r9
	 -> %rax
	 -> %rbp
	 -> %rcx
	 -> %rsp
	 -> %r11
	 -> r13
	 -> %r10
	 -> %r8
r11
	 -> r2
	 -> %r9
	 -> r12
	 -> r1
	 -> %rdx
	 -> %rax
	 -> %rbp
	 -> r9
	 -> %rcx
	 -> %rsp
	 -> %r11
	 -> %r10
	 -> %r8
%rbp
	 -> r0
	 -> r11
	 -> r2
	 -> r15
	 -> r3
	 -> r14
	 -> r21
	 -> r22
	 -> r1
	 -> r24
	 -> %rax
	 -> r7
	 -> %rdi
	 -> %rcx
	 -> %rsp
	 -> r6
	 -> r13
	 -> r20
	 -> r23
	 -> r18
	 -> r4
	 -> %r9
	 -> r17
	 -> r12
	 -> r10
	 -> r16
	 -> %rdx
	 -> r5
	 -> r9
	 -> %r11
	 -> %rsi
	 -> r19
	 -> %r10
	 -> r8
	 -> %r8
%r10
	 -> r0
	 -> r11
	 -> r2
	 -> r15
	 -> r3
	 -> r14
	 -> r21
	 -> r22
	 -> r1
	 -> %rax
	 -> %rbp
	 -> r7
	 -> %rdi
	 -> %rsp
	 -> r6
	 -> r13
	 -> r20
	 -> r23
	 -> r18
	 -> r4
	 -> r17
	 -> r12
	 -> r10
	 -> %rdx
	 -> r5
	 -> r9
	 -> %rsi
	 -> r19
	 -> r8
r10
	 -> r9
	 -> %rax
	 -> %rbp
	 -> r2
	 -> %r9
	 -> %rcx
	 -> %rsp
	 -> %r11
	 -> r1
	 -> %r10
	 -> %r8
	 -> %rdx
%r11
	 -> r0
	 -> r11
	 -> r2
	 -> r15
	 -> r3
	 -> r14
	 -> r21
	 -> r22
	 -> r1
	 -> %rax
	 -> %rbp
	 -> r7
	 -> %rdi
	 -> %rsp
	 -> r6
	 -> r13
	 -> r20
	 -> r23
	 -> r18
	 -> r4
	 -> r17
	 -> r12
	 -> r10
	 -> %rdx
	 -> r5
	 -> r9
	 -> %rsi
	 -> r19
	 -> r8
%rax
	 -> r11
	 -> r0
	 -> r2
	 -> r15
	 -> r3
	 -> r14
	 -> r21
	 -> r22
	 -> r1
	 -> %rbp
	 -> %rdi
	 -> r7
	 -> %rcx
	 -> %rsp
	 -> r6
	 -> r13
	 -> r20
	 -> r23
	 -> r18
	 -> r4
	 -> %r9
	 -> r17
	 -> r12
	 -> r10
	 -> %rdx
	 -> r5
	 -> r9
	 -> %rsi
	 -> %r11
	 -> r19
	 -> %r10
	 -> %r8
	 -> r8
%r9
	 -> r0
	 -> r11
	 -> r2
	 -> r15
	 -> r3
	 -> r14
	 -> r21
	 -> r22
	 -> r1
	 -> %rax
	 -> %rbp
	 -> r7
	 -> %rdi
	 -> %rsp
	 -> r6
	 -> r13
	 -> r20
	 -> r23
	 -> r18
	 -> r4
	 -> r17
	 -> r12
	 -> r10
	 -> %rdx
	 -> r5
	 -> r9
	 -> %rsi
	 -> r19
	 -> r8
%r8
	 -> r0
	 -> r11
	 -> r2
	 -> r15
	 -> r3
	 -> r14
	 -> r21
	 -> r22
	 -> r1
	 -> %rax
	 -> %rbp
	 -> r7
	 -> %rdi
	 -> %rsp
	 -> r6
	 -> r13
	 -> r20
	 -> r23
	 -> r18
	 -> r4
	 -> r17
	 -> r12
	 -> r10
	 -> %rdx
	 -> r5
	 -> r9
	 -> %rsi
	 -> r19
	 -> r8
%rsi
	 -> %rbp
	 -> %rax
	 -> r0
	 -> %rdi
	 -> %rcx
	 -> %r9
	 -> %rsp
	 -> %r11
	 -> %r10
	 -> %r8
	 -> %rdx
r24
	 -> %rbp
%rsp
	 -> r11
	 -> r0
	 -> r2
	 -> r15
	 -> r3
	 -> r14
	 -> r21
	 -> r22
	 -> r1
	 -> %rbp
	 -> %rax
	 -> %rdi
	 -> r7
	 -> %rcx
	 -> r6
	 -> r13
	 -> r20
	 -> r18
	 -> r4
	 -> %r9
	 -> r17
	 -> r12
	 -> r10
	 -> %rdx
	 -> r5
	 -> r9
	 -> %r11
	 -> %rsi
	 -> r19
	 -> %r10
	 -> %r8
	 -> r8
r21
	 -> %r9
	 -> r3
	 -> r22
	 -> r1
	 -> %rdx
	 -> %rbp
	 -> %rax
	 -> %rcx
	 -> %rsp
	 -> %r11
	 -> r23
	 -> r19
	 -> %r10
	 -> %r8
r20
	 -> %rax
	 -> %rbp
	 -> %r9
	 -> %rcx
	 -> r3
	 -> %rsp
	 -> %r11
	 -> r1
	 -> r19
	 -> %r10
	 -> %r8
	 -> %rdx
%rcx
	 -> r0
	 -> r11
	 -> r2
	 -> r15
	 -> r3
	 -> r14
	 -> r21
	 -> r22
	 -> r1
	 -> %rax
	 -> %rbp
	 -> r7
	 -> %rdi
	 -> %rsp
	 -> r6
	 -> r13
	 -> r20
	 -> r23
	 -> r18
	 -> r4
	 -> r17
	 -> r12
	 -> r10
	 -> %rdx
	 -> r5
	 -> r9
	 -> %rsi
	 -> r19
	 -> r8
r23
	 -> %rbp
	 -> %rax
	 -> %rcx
	 -> %r9
	 -> r3
	 -> r21
	 -> %r11
	 -> r1
	 -> r19
	 -> %r10
	 -> %r8
	 -> %rdx
r22
	 -> %r9
	 -> r3
	 -> r21
	 -> r1
	 -> %rdx
	 -> %rbp
	 -> %rax
	 -> %rcx
	 -> %rsp
	 -> %r11
	 -> r19
	 -> %r10
	 -> %r8
r6
	 -> r0
	 -> r4
	 -> r2
	 -> %r9
	 -> r1
	 -> %rdx
	 -> r5
	 -> %rbp
	 -> %rax
	 -> r9
	 -> r7
	 -> %rcx
	 -> %rsp
	 -> %r11
	 -> %r10
	 -> %r8
	 -> r8
r7
	 -> r0
	 -> r2
	 -> %r9
	 -> r1
	 -> %rdx
	 -> %rbp
	 -> %rax
	 -> r9
	 -> %rcx
	 -> %rsp
	 -> r6
	 -> %r11
	 -> %r10
	 -> %r8
	 -> r8
r8
	 -> r0
	 -> r4
	 -> r2
	 -> %r9
	 -> r1
	 -> %rdx
	 -> r5
	 -> %rbp
	 -> %rax
	 -> r9
	 -> r7
	 -> %rcx
	 -> %rsp
	 -> r6
	 -> %r11
	 -> %r10
	 -> %r8
r0
	 -> r2
	 -> %r9
	 -> r1
	 -> %rdx
	 -> %rbp
	 -> %rax
	 -> r9
	 -> %rdi
	 -> r7
	 -> %rcx
	 -> %rsp
	 -> r6
	 -> %rsi
	 -> %r11
	 -> %r10
	 -> %r8
	 -> r8
r1
	 -> r0
	 -> r11
	 -> r2
	 -> r15
	 -> r3
	 -> r14
	 -> r21
	 -> r22
	 -> %rax
	 -> %rbp
	 -> %rdi
	 -> r7
	 -> %rcx
	 -> %rsp
	 -> r6
	 -> r13
	 -> r20
	 -> r23
	 -> r18
	 -> r4
	 -> %r9
	 -> r17
	 -> r12
	 -> r10
	 -> %rdx
	 -> r5
	 -> r9
	 -> %r11
	 -> r19
	 -> %r10
	 -> r8
	 -> %r8
r9
	 -> r0
	 -> r11
	 -> r4
	 -> r2
	 -> %r9
	 -> r12
	 -> r10
	 -> r1
	 -> %rdx
	 -> r5
	 -> %rax
	 -> %rbp
	 -> r7
	 -> %rcx
	 -> %rsp
	 -> r6
	 -> %r11
	 -> %r10
	 -> r8
	 -> %r8
%rdi
	 -> %rbp
	 -> %rax
	 -> r0
	 -> %rcx
	 -> %r9
	 -> %rsp
	 -> %r11
	 -> %rsi
	 -> r1
	 -> %r10
	 -> %r8
	 -> %rdx
r2
	 -> r11
	 -> r0
	 -> r4
	 -> %r9
	 -> r12
	 -> r10
	 -> r1
	 -> %rdx
	 -> r5
	 -> %rbp
	 -> %rax
	 -> r9
	 -> r7
	 -> %rcx
	 -> %rsp
	 -> r6
	 -> %r11
	 -> r13
	 -> %r10
	 -> %r8
	 -> r8
r3
	 -> r18
	 -> %r9
	 -> r15
	 -> r17
	 -> r14
	 -> r21
	 -> r22
	 -> r1
	 -> %rdx
	 -> %rax
	 -> %rbp
	 -> %rcx
	 -> %rsp
	 -> %r11
	 -> r20
	 -> r19
	 -> r23
	 -> %r10
	 -> %r8
r4
	 -> r2
	 -> %r9
	 -> r1
	 -> %rdx
	 -> r5
	 -> %rbp
	 -> %rax
	 -> r9
	 -> %rcx
	 -> %rsp
	 -> r6
	 -> %r11
	 -> %r10
	 -> %r8
	 -> r8
r5
	 -> r4
	 -> r2
	 -> %r9
	 -> r1
	 -> %rdx
	 -> %rbp
	 -> %rax
	 -> r9
	 -> %rcx
	 -> %rsp
	 -> r6
	 -> %r11
	 -> %r10
	 -> %r8
	 -> r8

{r19=%rbx, r18=%r13, r17=%rsi, r16=%rsi, %rdx=%rdx, r15=%r13, r14=%rsi, r13=%r12, r12=%rsi, r11=%r12, r10=%rsi, %rbp=%rbp, %r10=%r10, %r11=%r11, %rax=%rax, %r9=%r9, %r8=%r8, %rsi=%rsi, r24=%rsi, %rsp=%rsp, r21=%r13, r20=%rsi, %rcx=%rcx, r23=%rsi, r22=%rsi, r6=%rdi, r7=%rsi, r0=%r12, r8=%r14, r9=%rbx, r1=%r15, %rdi=%rdi, r2=%r13, r3=%r12, r4=%r12, r5=%rsi}
main
Interference: 
%rsi
	 -> r8
	 -> r10
	 -> %rcx
	 -> r0
	 -> %rbp
	 -> %rdx
	 -> %rdi
	 -> %rax
	 -> %r8
	 -> r7
	 -> %r9
	 -> %r11
	 -> %r10
%rdx
	 -> r8
	 -> %rbp
	 -> %rdi
	 -> r10
	 -> %rcx
	 -> %rax
	 -> %rsi
	 -> r0
	 -> %r8
	 -> %r11
	 -> %r9
	 -> %r10
r14
	 -> %rbp
%rsp
%rcx
	 -> r8
	 -> r1
	 -> r10
	 -> r4
	 -> r3
	 -> %rsi
	 -> r0
	 -> %rbp
	 -> %rdx
	 -> %rdi
	 -> r5
	 -> r9
	 -> r6
	 -> %rax
	 -> r2
	 -> %r8
	 -> r7
	 -> %r11
	 -> %r9
	 -> %r10
%r10
	 -> r8
	 -> r1
	 -> r10
	 -> %rcx
	 -> r4
	 -> r3
	 -> %rsi
	 -> r0
	 -> %rbp
	 -> %rdx
	 -> %rdi
	 -> r5
	 -> r9
	 -> r6
	 -> %rax
	 -> r2
	 -> %r8
	 -> r7
	 -> %r11
	 -> %r9
r10
	 -> r8
	 -> r1
	 -> r4
	 -> %rcx
	 -> r3
	 -> %rsi
	 -> r0
	 -> %rdx
	 -> %rbp
	 -> %rdi
	 -> r5
	 -> r9
	 -> r6
	 -> %rax
	 -> r2
	 -> %r8
	 -> r7
	 -> %r11
	 -> %r9
	 -> %r10
%rbp
	 -> r8
	 -> r1
	 -> r10
	 -> %rcx
	 -> r4
	 -> r3
	 -> %rsi
	 -> r14
	 -> r0
	 -> %rdx
	 -> %rdi
	 -> r5
	 -> r9
	 -> r6
	 -> %rax
	 -> r2
	 -> %r8
	 -> r7
	 -> %r11
	 -> %r9
	 -> %r10
%r11
	 -> r8
	 -> r1
	 -> r10
	 -> %rcx
	 -> r4
	 -> r3
	 -> %rsi
	 -> r0
	 -> %rbp
	 -> %rdx
	 -> %rdi
	 -> r5
	 -> r9
	 -> r6
	 -> %rax
	 -> r2
	 -> %r8
	 -> r7
	 -> %r9
	 -> %r10
%rax
	 -> r8
	 -> r1
	 -> r10
	 -> r4
	 -> %rcx
	 -> r3
	 -> %rsi
	 -> r0
	 -> %rdx
	 -> %rbp
	 -> %rdi
	 -> r5
	 -> r9
	 -> r6
	 -> r2
	 -> %r8
	 -> r7
	 -> %r11
	 -> %r9
	 -> %r10
r6
	 -> %rbp
	 -> r10
	 -> %rcx
	 -> %rax
	 -> r0
	 -> %r8
	 -> %r11
	 -> %r9
	 -> r7
	 -> %r10
r7
	 -> %rbp
	 -> r10
	 -> %rdi
	 -> %rcx
	 -> r6
	 -> %rax
	 -> %rsi
	 -> r0
	 -> %r8
	 -> %r11
	 -> %r9
	 -> %r10
r8
	 -> %rbp
	 -> %rdx
	 -> r10
	 -> %rdi
	 -> %rcx
	 -> %rax
	 -> %rsi
	 -> r0
	 -> %r8
	 -> %r11
	 -> %r9
	 -> %r10
r0
	 -> r8
	 -> r10
	 -> %rcx
	 -> r4
	 -> r3
	 -> %rsi
	 -> %rdx
	 -> %rbp
	 -> %rdi
	 -> r5
	 -> r9
	 -> r6
	 -> %rax
	 -> %r8
	 -> r7
	 -> %r9
	 -> %r11
	 -> %r10
%r9
	 -> r8
	 -> r1
	 -> r10
	 -> %rcx
	 -> r4
	 -> r3
	 -> %rsi
	 -> r0
	 -> %rbp
	 -> %rdx
	 -> %rdi
	 -> r5
	 -> r9
	 -> r6
	 -> %rax
	 -> r2
	 -> %r8
	 -> r7
	 -> %r11
	 -> %r10
r9
	 -> %rbp
	 -> r10
	 -> %rcx
	 -> %rax
	 -> r0
	 -> %r8
	 -> %r11
	 -> %r9
	 -> %r10
r1
	 -> %rbp
	 -> r10
	 -> %rcx
	 -> %rax
	 -> %r8
	 -> %r11
	 -> %r9
	 -> %r10
%rdi
	 -> r8
	 -> r10
	 -> %rcx
	 -> %rsi
	 -> r0
	 -> %rbp
	 -> %rdx
	 -> %rax
	 -> %r8
	 -> r7
	 -> %r9
	 -> %r11
	 -> %r10
r2
	 -> %rbp
	 -> r10
	 -> %rcx
	 -> %rax
	 -> %r8
	 -> %r11
	 -> %r9
	 -> %r10
r3
	 -> %rbp
	 -> r10
	 -> %rcx
	 -> %rax
	 -> r0
	 -> %r8
	 -> %r11
	 -> %r9
	 -> %r10
%r8
	 -> r8
	 -> r1
	 -> r10
	 -> %rcx
	 -> r4
	 -> r3
	 -> %rsi
	 -> r0
	 -> %rbp
	 -> %rdx
	 -> %rdi
	 -> r5
	 -> r9
	 -> r6
	 -> %rax
	 -> r2
	 -> r7
	 -> %r11
	 -> %r9
	 -> %r10
r4
	 -> %rbp
	 -> r5
	 -> r10
	 -> %rcx
	 -> %rax
	 -> r0
	 -> %r8
	 -> %r11
	 -> %r9
	 -> %r10
r5
	 -> %rbp
	 -> r10
	 -> r4
	 -> %rcx
	 -> %rax
	 -> r0
	 -> %r8
	 -> %r11
	 -> %r9
	 -> %r10

{%rsi=%rsi, %rdx=%rdx, r14=%rsi, %rsp=%rsp, %rcx=%rcx, r10=%r13, %rbp=%rbp, %r10=%r10, %r11=%r11, %rax=%rax, r6=%rsi, r7=%rdx, r8=%rbx, r0=%r12, %r9=%r9, r9=%rsi, r1=%rsi, r2=%rsi, %rdi=%rdi, r3=%rsi, %r8=%r8, r4=%rdx, r5=%rsi}
